Started GET "/" for 46.148.230.89 at 2016-02-18 11:54:30 -0500
Processing by MainController#index as HTML
PG::UndefinedTable: ERROR:  relation "accounts" does not exist
LINE 5:                WHERE a.attrelid = '"accounts"'::regclass
                                          ^
:               SELECT a.attname, format_type(a.atttypid, a.atttypmod),
                     pg_get_expr(d.adbin, d.adrelid), a.attnotnull, a.atttypid, a.atttypmod
                FROM pg_attribute a LEFT JOIN pg_attrdef d
                  ON a.attrelid = d.adrelid AND a.attnum = d.adnum
               WHERE a.attrelid = '"accounts"'::regclass
                 AND a.attnum > 0 AND NOT a.attisdropped
               ORDER BY a.attnum

Completed 500 Internal Server Error in 11ms (ActiveRecord: 1.6ms)

ActiveRecord::StatementInvalid (PG::UndefinedTable: ERROR:  relation "accounts" does not exist
LINE 5:                WHERE a.attrelid = '"accounts"'::regclass
                                          ^
:               SELECT a.attname, format_type(a.atttypid, a.atttypmod),
                     pg_get_expr(d.adbin, d.adrelid), a.attnotnull, a.atttypid, a.atttypmod
                FROM pg_attribute a LEFT JOIN pg_attrdef d
                  ON a.attrelid = d.adrelid AND a.attnum = d.adnum
               WHERE a.attrelid = '"accounts"'::regclass
                 AND a.attnum > 0 AND NOT a.attisdropped
               ORDER BY a.attnum
):
  app/controllers/application_controller.rb:16:in `authentication'


  Rendered /usr/local/rvm/gems/ruby-2.2.1/gems/actionpack-4.2.1/lib/action_dispatch/middleware/templates/rescues/_source.erb (6.5ms)
  Rendered /usr/local/rvm/gems/ruby-2.2.1/gems/actionpack-4.2.1/lib/action_dispatch/middleware/templates/rescues/_trace.html.erb (3.2ms)
  Rendered /usr/local/rvm/gems/ruby-2.2.1/gems/actionpack-4.2.1/lib/action_dispatch/middleware/templates/rescues/_request_and_response.html.erb (1.0ms)
  Rendered /usr/local/rvm/gems/ruby-2.2.1/gems/actionpack-4.2.1/lib/action_dispatch/middleware/templates/rescues/diagnostics.html.erb within rescues/layout (28.1ms)
Started GET "/" for 46.148.230.89 at 2016-02-18 12:01:17 -0500
Processing by MainController#index as HTML
PG::UndefinedTable: ERROR:  relation "accounts" does not exist
LINE 5:                WHERE a.attrelid = '"accounts"'::regclass
                                          ^
:               SELECT a.attname, format_type(a.atttypid, a.atttypmod),
                     pg_get_expr(d.adbin, d.adrelid), a.attnotnull, a.atttypid, a.atttypmod
                FROM pg_attribute a LEFT JOIN pg_attrdef d
                  ON a.attrelid = d.adrelid AND a.attnum = d.adnum
               WHERE a.attrelid = '"accounts"'::regclass
                 AND a.attnum > 0 AND NOT a.attisdropped
               ORDER BY a.attnum

Completed 500 Internal Server Error in 28ms (ActiveRecord: 4.1ms)

ActiveRecord::StatementInvalid (PG::UndefinedTable: ERROR:  relation "accounts" does not exist
LINE 5:                WHERE a.attrelid = '"accounts"'::regclass
                                          ^
:               SELECT a.attname, format_type(a.atttypid, a.atttypmod),
                     pg_get_expr(d.adbin, d.adrelid), a.attnotnull, a.atttypid, a.atttypmod
                FROM pg_attribute a LEFT JOIN pg_attrdef d
                  ON a.attrelid = d.adrelid AND a.attnum = d.adnum
               WHERE a.attrelid = '"accounts"'::regclass
                 AND a.attnum > 0 AND NOT a.attisdropped
               ORDER BY a.attnum
):
  app/controllers/application_controller.rb:16:in `authentication'


  Rendered /usr/local/rvm/gems/ruby-2.2.1/gems/actionpack-4.2.1/lib/action_dispatch/middleware/templates/rescues/_source.erb (16.0ms)
  Rendered /usr/local/rvm/gems/ruby-2.2.1/gems/actionpack-4.2.1/lib/action_dispatch/middleware/templates/rescues/_trace.html.erb (8.1ms)
  Rendered /usr/local/rvm/gems/ruby-2.2.1/gems/actionpack-4.2.1/lib/action_dispatch/middleware/templates/rescues/_request_and_response.html.erb (3.0ms)
  Rendered /usr/local/rvm/gems/ruby-2.2.1/gems/actionpack-4.2.1/lib/action_dispatch/middleware/templates/rescues/diagnostics.html.erb within rescues/layout (65.4ms)
Started GET "/" for 46.148.230.89 at 2016-02-18 13:46:59 -0500

ActiveRecord::NoDatabaseError (FATAL:  role "root" does not exist
):
  activerecord (4.2.1) lib/active_record/connection_adapters/postgresql_adapter.rb:661:in `rescue in connect'
  activerecord (4.2.1) lib/active_record/connection_adapters/postgresql_adapter.rb:651:in `connect'
  activerecord (4.2.1) lib/active_record/connection_adapters/postgresql_adapter.rb:242:in `initialize'
  activerecord (4.2.1) lib/active_record/connection_adapters/postgresql_adapter.rb:44:in `new'
  activerecord (4.2.1) lib/active_record/connection_adapters/postgresql_adapter.rb:44:in `postgresql_connection'
  activerecord (4.2.1) lib/active_record/connection_adapters/abstract/connection_pool.rb:438:in `new_connection'
  activerecord (4.2.1) lib/active_record/connection_adapters/abstract/connection_pool.rb:448:in `checkout_new_connection'
  activerecord (4.2.1) lib/active_record/connection_adapters/abstract/connection_pool.rb:422:in `acquire_connection'
  activerecord (4.2.1) lib/active_record/connection_adapters/abstract/connection_pool.rb:349:in `block in checkout'
  /usr/local/rvm/rubies/ruby-2.2.1/lib/ruby/2.2.0/monitor.rb:211:in `mon_synchronize'
  activerecord (4.2.1) lib/active_record/connection_adapters/abstract/connection_pool.rb:348:in `checkout'
  activerecord (4.2.1) lib/active_record/connection_adapters/abstract/connection_pool.rb:263:in `block in connection'
  /usr/local/rvm/rubies/ruby-2.2.1/lib/ruby/2.2.0/monitor.rb:211:in `mon_synchronize'
  activerecord (4.2.1) lib/active_record/connection_adapters/abstract/connection_pool.rb:262:in `connection'
  activerecord (4.2.1) lib/active_record/connection_adapters/abstract/connection_pool.rb:567:in `retrieve_connection'
  activerecord (4.2.1) lib/active_record/connection_handling.rb:113:in `retrieve_connection'
  activerecord (4.2.1) lib/active_record/connection_handling.rb:87:in `connection'
  activerecord (4.2.1) lib/active_record/query_cache.rb:51:in `restore_query_cache_settings'
  activerecord (4.2.1) lib/active_record/query_cache.rb:43:in `rescue in call'
  activerecord (4.2.1) lib/active_record/query_cache.rb:31:in `call'
  activerecord (4.2.1) lib/active_record/connection_adapters/abstract/connection_pool.rb:649:in `call'
  actionpack (4.2.1) lib/action_dispatch/middleware/callbacks.rb:29:in `block in call'
  activesupport (4.2.1) lib/active_support/callbacks.rb:88:in `call'
  activesupport (4.2.1) lib/active_support/callbacks.rb:88:in `_run_callbacks'
  activesupport (4.2.1) lib/active_support/callbacks.rb:776:in `_run_call_callbacks'
  activesupport (4.2.1) lib/active_support/callbacks.rb:81:in `run_callbacks'
  actionpack (4.2.1) lib/action_dispatch/middleware/callbacks.rb:27:in `call'
  actionpack (4.2.1) lib/action_dispatch/middleware/remote_ip.rb:78:in `call'
  actionpack (4.2.1) lib/action_dispatch/middleware/debug_exceptions.rb:17:in `call'
  actionpack (4.2.1) lib/action_dispatch/middleware/show_exceptions.rb:30:in `call'
  railties (4.2.1) lib/rails/rack/logger.rb:38:in `call_app'
  railties (4.2.1) lib/rails/rack/logger.rb:20:in `block in call'
  activesupport (4.2.1) lib/active_support/tagged_logging.rb:68:in `block in tagged'
  activesupport (4.2.1) lib/active_support/tagged_logging.rb:26:in `tagged'
  activesupport (4.2.1) lib/active_support/tagged_logging.rb:68:in `tagged'
  railties (4.2.1) lib/rails/rack/logger.rb:20:in `call'
  actionpack (4.2.1) lib/action_dispatch/middleware/request_id.rb:21:in `call'
  rack (1.6.4) lib/rack/methodoverride.rb:22:in `call'
  rack (1.6.4) lib/rack/runtime.rb:18:in `call'
  activesupport (4.2.1) lib/active_support/cache/strategy/local_cache_middleware.rb:28:in `call'
  rack (1.6.4) lib/rack/sendfile.rb:113:in `call'
  railties (4.2.1) lib/rails/engine.rb:518:in `call'
  railties (4.2.1) lib/rails/application.rb:164:in `call'
  rack (1.6.4) lib/rack/content_length.rb:15:in `call'
  puma (2.16.0) lib/puma/server.rb:557:in `handle_request'
  puma (2.16.0) lib/puma/server.rb:404:in `process_client'
  puma (2.16.0) lib/puma/server.rb:270:in `block in run'
  puma (2.16.0) lib/puma/thread_pool.rb:106:in `call'
  puma (2.16.0) lib/puma/thread_pool.rb:106:in `block in spawn_thread'


Started GET "/" for 46.148.230.89 at 2016-02-18 13:47:39 -0500

ActiveRecord::NoDatabaseError (FATAL:  role "root" does not exist
):
  activerecord (4.2.1) lib/active_record/connection_adapters/postgresql_adapter.rb:661:in `rescue in connect'
  activerecord (4.2.1) lib/active_record/connection_adapters/postgresql_adapter.rb:651:in `connect'
  activerecord (4.2.1) lib/active_record/connection_adapters/postgresql_adapter.rb:242:in `initialize'
  activerecord (4.2.1) lib/active_record/connection_adapters/postgresql_adapter.rb:44:in `new'
  activerecord (4.2.1) lib/active_record/connection_adapters/postgresql_adapter.rb:44:in `postgresql_connection'
  activerecord (4.2.1) lib/active_record/connection_adapters/abstract/connection_pool.rb:438:in `new_connection'
  activerecord (4.2.1) lib/active_record/connection_adapters/abstract/connection_pool.rb:448:in `checkout_new_connection'
  activerecord (4.2.1) lib/active_record/connection_adapters/abstract/connection_pool.rb:422:in `acquire_connection'
  activerecord (4.2.1) lib/active_record/connection_adapters/abstract/connection_pool.rb:349:in `block in checkout'
  /usr/local/rvm/rubies/ruby-2.2.1/lib/ruby/2.2.0/monitor.rb:211:in `mon_synchronize'
  activerecord (4.2.1) lib/active_record/connection_adapters/abstract/connection_pool.rb:348:in `checkout'
  activerecord (4.2.1) lib/active_record/connection_adapters/abstract/connection_pool.rb:263:in `block in connection'
  /usr/local/rvm/rubies/ruby-2.2.1/lib/ruby/2.2.0/monitor.rb:211:in `mon_synchronize'
  activerecord (4.2.1) lib/active_record/connection_adapters/abstract/connection_pool.rb:262:in `connection'
  activerecord (4.2.1) lib/active_record/connection_adapters/abstract/connection_pool.rb:567:in `retrieve_connection'
  activerecord (4.2.1) lib/active_record/connection_handling.rb:113:in `retrieve_connection'
  activerecord (4.2.1) lib/active_record/connection_handling.rb:87:in `connection'
  activerecord (4.2.1) lib/active_record/query_cache.rb:51:in `restore_query_cache_settings'
  activerecord (4.2.1) lib/active_record/query_cache.rb:43:in `rescue in call'
  activerecord (4.2.1) lib/active_record/query_cache.rb:31:in `call'
  activerecord (4.2.1) lib/active_record/connection_adapters/abstract/connection_pool.rb:649:in `call'
  actionpack (4.2.1) lib/action_dispatch/middleware/callbacks.rb:29:in `block in call'
  activesupport (4.2.1) lib/active_support/callbacks.rb:88:in `call'
  activesupport (4.2.1) lib/active_support/callbacks.rb:88:in `_run_callbacks'
  activesupport (4.2.1) lib/active_support/callbacks.rb:776:in `_run_call_callbacks'
  activesupport (4.2.1) lib/active_support/callbacks.rb:81:in `run_callbacks'
  actionpack (4.2.1) lib/action_dispatch/middleware/callbacks.rb:27:in `call'
  actionpack (4.2.1) lib/action_dispatch/middleware/remote_ip.rb:78:in `call'
  actionpack (4.2.1) lib/action_dispatch/middleware/debug_exceptions.rb:17:in `call'
  actionpack (4.2.1) lib/action_dispatch/middleware/show_exceptions.rb:30:in `call'
  railties (4.2.1) lib/rails/rack/logger.rb:38:in `call_app'
  railties (4.2.1) lib/rails/rack/logger.rb:20:in `block in call'
  activesupport (4.2.1) lib/active_support/tagged_logging.rb:68:in `block in tagged'
  activesupport (4.2.1) lib/active_support/tagged_logging.rb:26:in `tagged'
  activesupport (4.2.1) lib/active_support/tagged_logging.rb:68:in `tagged'
  railties (4.2.1) lib/rails/rack/logger.rb:20:in `call'
  actionpack (4.2.1) lib/action_dispatch/middleware/request_id.rb:21:in `call'
  rack (1.6.4) lib/rack/methodoverride.rb:22:in `call'
  rack (1.6.4) lib/rack/runtime.rb:18:in `call'
  activesupport (4.2.1) lib/active_support/cache/strategy/local_cache_middleware.rb:28:in `call'
  rack (1.6.4) lib/rack/sendfile.rb:113:in `call'
  railties (4.2.1) lib/rails/engine.rb:518:in `call'
  railties (4.2.1) lib/rails/application.rb:164:in `call'
  rack (1.6.4) lib/rack/content_length.rb:15:in `call'
  puma (2.16.0) lib/puma/server.rb:557:in `handle_request'
  puma (2.16.0) lib/puma/server.rb:404:in `process_client'
  puma (2.16.0) lib/puma/server.rb:270:in `block in run'
  puma (2.16.0) lib/puma/thread_pool.rb:106:in `call'
  puma (2.16.0) lib/puma/thread_pool.rb:106:in `block in spawn_thread'


  Rendered /usr/local/rvm/gems/ruby-2.2.1/gems/actionpack-4.2.1/lib/action_dispatch/middleware/templates/rescues/_source.erb (7.9ms)
  Rendered /usr/local/rvm/gems/ruby-2.2.1/gems/actionpack-4.2.1/lib/action_dispatch/middleware/templates/rescues/_trace.html.erb (4.4ms)
  Rendered /usr/local/rvm/gems/ruby-2.2.1/gems/actionpack-4.2.1/lib/action_dispatch/middleware/templates/rescues/_request_and_response.html.erb (2.1ms)
  Rendered /usr/local/rvm/gems/ruby-2.2.1/gems/actionpack-4.2.1/lib/action_dispatch/middleware/templates/rescues/diagnostics.html.erb within rescues/layout (46.3ms)
Started GET "/" for 46.148.230.89 at 2016-02-18 13:51:09 -0500
Processing by MainController#index as HTML
Completed 500 Internal Server Error in 9ms (ActiveRecord: 0.6ms)

ActiveRecord::StatementInvalid (Could not find table 'accounts'):
  app/controllers/application_controller.rb:16:in `authentication'


  Rendered /usr/local/rvm/gems/ruby-2.2.1/gems/actionpack-4.2.1/lib/action_dispatch/middleware/templates/rescues/_source.erb (6.0ms)
  Rendered /usr/local/rvm/gems/ruby-2.2.1/gems/actionpack-4.2.1/lib/action_dispatch/middleware/templates/rescues/_trace.html.erb (3.6ms)
  Rendered /usr/local/rvm/gems/ruby-2.2.1/gems/actionpack-4.2.1/lib/action_dispatch/middleware/templates/rescues/_request_and_response.html.erb (2.8ms)
  Rendered /usr/local/rvm/gems/ruby-2.2.1/gems/actionpack-4.2.1/lib/action_dispatch/middleware/templates/rescues/diagnostics.html.erb within rescues/layout (30.4ms)
Migrating to CreateAccounts (20111219135632)
Migrating to CreateOrders (20150610044912)
Migrating to DropMyordersStatuses (20150612051423)
PG::UndefinedTable: ERROR:  table "orders_statuses" does not exist
: DROP TABLE "orders_statuses"
Migrating to DropMyordersStatuses (20150612051423)
PG::UndefinedTable: ERROR:  table "orders_statuses" does not exist
: DROP TABLE "orders_statuses"
Migrating to CreateOrderstatuses (20150612052453)
Migrating to AddWorkStatusToOrders (20150623062241)
Migrating to RemoveOrderStatusFromOrders (20150623155108)
Migrating to CreateIorders (20150704132435)
Migrating to AddAdressAndClientColumnsToIorders (20150720114237)
Migrating to AddInstatusAndIordersidColumnsToOrderstatuses (20150723071817)
Migrating to CreateIordersOrderstatuses (20150723150318)
Migrating to RemoveColumsIorderidAndOrderidFromOrderstatuses (20150724130805)
Migrating to CreateIorderstatuses (20150724165842)
Migrating to CreateDelayedJobs (20150727143335)
Migrating to CreateProducts (20150729112710)
Migrating to CreateHomyproducts (20150822135328)
Migrating to CreateVendors (20150822141920)
Migrating to AddSkuToHomyproducts (20150823181343)
Migrating to AddCategoryIdToProducts (20150828153601)
Migrating to CreateQuantityUpdates (20150904081748)
PG::UndefinedTable: ERROR:  table "homyproducts_products" does not exist
: DROP TABLE "homyproducts_products"
Migrating to CreateQuantityUpdates (20150904081748)
Migrating to AddProductIdtoHomyproducts (20150904151404)
Migrating to AddHomyproductIdToProducts (20150905112329)
Migrating to AddVariantsIdToProducts (20150909205858)
Migrating to CreateEmags (20150921152521)
Migrating to AddEmagIdToProducts (20150921154555)
Migrating to CreateRrcs (20150926133140)
Migrating to AddRrcIdToProducts (20150926205800)
Migrating to CreateAngels (20150929134401)
Migrating to AddAngelIdToProducts (20150929134759)
Migrating to CreateEts (20151001114708)
Migrating to AddEtIdToProducts (20151001115025)
Migrating to CreateEnergies (20151001135224)
Migrating to AddEnergyIdToProducts (20151001183448)
Migrating to CreateVimcoms (20151003094431)
Migrating to AddVimcomIdToProducts (20151003101101)
Migrating to CreateIpmatikas (20151003120856)
Migrating to AddIpmatikaIdToProducts (20151003121955)
Migrating to CreateIcrs (20151102084934)
Migrating to CreateStatuses (20151107191754)
Migrating to AddStatusIdToIorders (20151107192229)
Migrating to FixColumnStatusInIorders (20151107210742)
Migrating to CreateSskoms (20151112073839)
Migrating to AddSskomIdToProducts (20151112080239)
Migrating to CreateMycouriers (20151116154322)
Migrating to AddMycourierIdToIorders (20151116154708)
Migrating to AddNumberToMycouriers (20151118123050)
Migrating to CreateImls (20151122141226)
Migrating to AddImlIdToIorders (20151122144035)
Migrating to ChangeDataTypeForBarcode (20151122202810)
Migrating to AddStatusnumberToImls (20151122230218)
Migrating to CreateTreolans (20151124150033)
Migrating to ChangeColumnTypeOfTreolans (20151125072250)
Migrating to AddTreolanIdToProducts (20151125072904)
Migrating to CreateCitilinks (20151206131533)
Migrating to AddQuantityToCitilinks (20151206143223)
Migrating to AddCitilinkIdToProducts (20151206143451)
Migrating to CreateDpds (20151218083959)
Migrating to AddDpdIdToIorders (20151218085123)
Migrating to CreatePosts (20151218092305)
Migrating to AddPostIdToIorders (20151218092613)
Migrating to CreateCouriers (20151218093810)
Migrating to AddCourierIdToIorders (20151218094035)
Migrating to AddGoodToIorders (20151220170252)
Migrating to CreateIordersProducts (20151220195907)
Migrating to CreateLineItems (20151221200550)
Migrating to AddColumsToLineItems (20151224152032)
Migrating to AddDiscountPercentToIorders (20151227205425)
Migrating to AddSumToLineItems (20151227211225)
Migrating to CreateClients (20160125200606)
Migrating to RemoveColumnAndAddColumn (20160125204158)
Migrating to AddColimnClientIdToIoders (20160125205334)
Migrating to RenameColumnClientInIoders (20160125220137)
Migrating to CreateCompanies (20160126112043)
Migrating to CreateClientsCompanies (20160126165505)
Migrating to CreateSales (20160131191707)
Migrating to CreateInvoices (20160202081130)
Migrating to AddInvoiceIdToLineItems (20160202082303)
Migrating to AddInvoiceCheckToIorders (20160202083346)
Migrating to AddInvoiceIdToIorders (20160202105041)
Migrating to AddCompanyIdToInvoices (20160203163930)
Migrating to AddCompanytwoToInvoices (20160204062059)
Migrating to ChangeDataTypeForInnKpp (20160204215451)
Migrating to ChangeDataTypeForOgrnOkpo (20160204215946)
Migrating to JoinClientCompany (20160207190745)
Migrating to CreateContragents (20160207210709)
Migrating to ChangeDataTypeForBancaccount (20160208134102)
Migrating to ChangeDataTypeForBancaccount (20160208134102)
Migrating to CreateInvoiceItems (20160209095242)
Migrating to CreateInvoiceLists (20160209121210)
Migrating to CreateInvoiceListItems (20160209122422)
Migrating to AddColumnInvoiceIdToInvoiceList (20160209124914)
Migrating to AddColumnInvoiceListCheckToInvoice (20160209125640)
Migrating to AddColumnDiscountToInvoiceList (20160209154144)
Migrating to CreateStocks (20160210101313)
Migrating to AddColumnCompanytwoToInvoiceList (20160212150038)
Migrating to CreateInvoiceouts (20160213093844)
Migrating to AddColumnInvoiceoutCheckToInvoiceList (20160213094533)
Migrating to CreatePurchaseInvoices (20160214130515)
Migrating to CreatePurchaseInvoiceItems (20160214131314)
